<?xml version='1.0' encoding='UTF-8'?>
<testsuite hostname="?" name="calculator.CalculatorSuite" tests="13" errors="0" failures="0" skipped="0" time="0.279" timestamp="2020-06-19T19:04:40">
                     <properties>
      <property name="java.specification.version" value="13"/><property name="sun.jnu.encoding" value="UTF-8"/><property name="sun.arch.data.model" value="64"/><property name="java.vendor.url" value="https://openjdk.java.net/"/><property name="sun.boot.library.path" value="/usr/local/Cellar/openjdk/13.0.2+8_2/libexec/openjdk.jdk/Contents/Home/lib"/><property name="sun.java.command" value="/usr/local/Cellar/sbt/1.3.9/libexec/bin/sbt-launch.jar"/><property name="jdk.debug" value="release"/><property name="java.specification.vendor" value="Oracle Corporation"/><property name="java.version.date" value="2020-01-14"/><property name="java.home" value="/usr/local/Cellar/openjdk/13.0.2+8_2/libexec/openjdk.jdk/Contents/Home"/><property name="file.separator" value="/"/><property name="java.vm.compressedOopsMode" value="Zero based"/><property name="line.separator" value="
"/><property name="java.vm.specification.vendor" value="Oracle Corporation"/><property name="java.specification.name" value="Java Platform API Specification"/><property name="sun.management.compiler" value="HotSpot 64-Bit Tiered Compilers"/><property name="java.runtime.version" value="13.0.2+8"/><property name="user.name" value="dliddell"/><property name="log4j.ignoreTCL" value="true"/><property name="file.encoding" value="UTF-8"/><property name="jnidispatch.path" value="/Users/dliddell/Library/Caches/JNA/temp/jna17663907690228595396.tmp"/><property name="jna.loaded" value="true"/><property name="java.io.tmpdir" value="/var/folders/q5/9_6ggdfs2857jj5_q81m1dsh0000gn/T/"/><property name="java.version" value="13.0.2"/><property name="java.vm.specification.name" value="Java Virtual Machine Specification"/><property name="java.library.path" value="/Users/dliddell/Library/Java/Extensions:/Library/Java/Extensions:/Network/Library/Java/Extensions:/System/Library/Java/Extensions:/usr/lib/java:."/><property name="java.vendor" value="N/A"/><property name="scala.ext.dirs" value="/Users/dliddell/.sbt/0.13/java9-rt-ext-n_a_13_0_2"/><property name="sun.io.unicode.encoding" value="UnicodeBig"/><property name="socksNonProxyHosts" value="local|*.local|169.254/16|*.169.254/16"/><property name="java.class.path" value="/usr/local/Cellar/sbt/1.3.9/libexec/bin/sbt-launch.jar"/><property name="java.vm.vendor" value="Oracle Corporation"/><property name="jline.shutdownhook" value="false"/><property name="user.timezone" value="America/Los_Angeles"/><property name="java.vm.specification.version" value="13"/><property name="os.name" value="Mac OS X"/><property name="sun.java.launcher" value="SUN_STANDARD"/><property name="user.country" value="US"/><property name="http.nonProxyHosts" value="local|*.local|169.254/16|*.169.254/16"/><property name="sun.cpu.endian" value="little"/><property name="user.home" value="/Users/dliddell"/><property name="user.language" value="en"/><property name="swoval.tmpdir" value="/Users/dliddell/.sbt/1.0"/><property name="jline.esc.timeout" value="0"/><property name="ftp.nonProxyHosts" value="local|*.local|169.254/16|*.169.254/16"/><property name="path.separator" value=":"/><property name="os.version" value="10.12.6"/><property name="jna.nosys" value="true"/><property name="java.runtime.name" value="OpenJDK Runtime Environment"/><property name="java.vm.name" value="OpenJDK 64-Bit Server VM"/><property name="jna.platform.library.path" value="/usr/lib:/usr/lib"/><property name="java.vendor.url.bug" value="https://bugreport.java.com/bugreport/"/><property name="user.dir" value="/Users/dliddell/Desktop/code/fp-scala-course/course2/calculator"/><property name="os.arch" value="x86_64"/><property name="java.vm.info" value="mixed mode, sharing"/><property name="java.vm.version" value="13.0.2+8"/><property name="java.class.version" value="57.0"/>
    </properties>
                     <testcase classname="calculator.CalculatorSuite" name="Cyclic dependencies should result in NaN" time="0.081">
                                                 
                                               </testcase><testcase classname="calculator.CalculatorSuite" name="Self dependency" time="0.01">
                                                 
                                               </testcase><testcase classname="calculator.CalculatorSuite" name="If b previously depended on a, but no longer does, then it should not be recomputed anymore when a changes" time="0.014">
                                                 
                                               </testcase><testcase classname="calculator.CalculatorSuite" name="tweetRemainingCharsCount with a constant signal" time="0.068">
                                                 
                                               </testcase><testcase classname="calculator.CalculatorSuite" name="Expressions corresponding to every variable should be correctly evaluated" time="0.026">
                                                 
                                               </testcase><testcase classname="calculator.CalculatorSuite" name="tweetRemainingCharsCount's result signal should follow the input signal" time="0.008">
                                                 
                                               </testcase><testcase classname="calculator.CalculatorSuite" name="When an expression changes, other variables that depend on it should be recomputed" time="0.011">
                                                 
                                               </testcase><testcase classname="calculator.CalculatorSuite" name="When an expression changes, *only* the variables that depend on it should be recomputed" time="0.016">
                                                 
                                               </testcase><testcase classname="calculator.CalculatorSuite" name="computeDelta test" time="0.013">
                                                 
                                               </testcase><testcase classname="calculator.CalculatorSuite" name="colorForRemainingCharsCount with a constant signal&quot;" time="0.008">
                                                 
                                               </testcase><testcase classname="calculator.CalculatorSuite" name="tweetRemainingCharsCount with a supplementary char" time="0.003">
                                                 
                                               </testcase><testcase classname="calculator.CalculatorSuite" name="computeSolutions test" time="0.016">
                                                 
                                               </testcase><testcase classname="calculator.CalculatorSuite" name="Referencing an unknown variable should result in NaN" time="0.005">
                                                 
                                               </testcase>
                     <system-out><![CDATA[]]></system-out>
                     <system-err><![CDATA[]]></system-err>
                   </testsuite>